mode: atomic
github.com/sigilauth/cli-device/internal/pictogram/pictogram.go:33.61,35.45 2 2
github.com/sigilauth/cli-device/internal/pictogram/pictogram.go:35.45,38.3 1 0
github.com/sigilauth/cli-device/internal/pictogram/pictogram.go:41.2,54.30 5 2
github.com/sigilauth/cli-device/internal/pictogram/pictogram.go:54.30,57.3 2 10
github.com/sigilauth/cli-device/internal/pictogram/pictogram.go:59.2,60.26 2 2
github.com/sigilauth/cli-device/internal/pictogram/pictogram.go:64.56,65.31 1 6
github.com/sigilauth/cli-device/internal/pictogram/pictogram.go:65.31,67.3 1 2
github.com/sigilauth/cli-device/internal/pictogram/pictogram.go:70.2,82.30 4 4
github.com/sigilauth/cli-device/internal/pictogram/pictogram.go:82.30,84.3 1 20
github.com/sigilauth/cli-device/internal/pictogram/pictogram.go:86.2,86.23 1 4
github.com/sigilauth/cli-device/internal/pictogram/pictogram.go:90.43,91.25 1 3
github.com/sigilauth/cli-device/internal/pictogram/pictogram.go:91.25,93.3 1 1
github.com/sigilauth/cli-device/internal/pictogram/pictogram.go:95.2,96.38 2 2
github.com/sigilauth/cli-device/internal/pictogram/pictogram.go:96.38,98.3 1 4
github.com/sigilauth/cli-device/internal/pictogram/pictogram.go:99.2,99.15 1 2
github.com/sigilauth/cli-device/internal/listener/websocket.go:27.69,32.2 1 7
github.com/sigilauth/cli-device/internal/listener/websocket.go:35.53,41.16 3 7
github.com/sigilauth/cli-device/internal/listener/websocket.go:41.16,43.3 1 0
github.com/sigilauth/cli-device/internal/listener/websocket.go:45.2,51.44 5 7
github.com/sigilauth/cli-device/internal/listener/websocket.go:51.44,54.3 2 3
github.com/sigilauth/cli-device/internal/listener/websocket.go:57.2,59.12 2 4
github.com/sigilauth/cli-device/internal/listener/websocket.go:63.58,66.56 2 7
github.com/sigilauth/cli-device/internal/listener/websocket.go:66.56,68.3 1 0
github.com/sigilauth/cli-device/internal/listener/websocket.go:70.2,70.47 1 7
github.com/sigilauth/cli-device/internal/listener/websocket.go:70.47,72.3 1 1
github.com/sigilauth/cli-device/internal/listener/websocket.go:75.2,76.16 2 6
github.com/sigilauth/cli-device/internal/listener/websocket.go:76.16,78.3 1 1
github.com/sigilauth/cli-device/internal/listener/websocket.go:81.2,82.16 2 5
github.com/sigilauth/cli-device/internal/listener/websocket.go:82.16,84.3 1 0
github.com/sigilauth/cli-device/internal/listener/websocket.go:87.2,98.55 4 5
github.com/sigilauth/cli-device/internal/listener/websocket.go:98.55,100.3 1 0
github.com/sigilauth/cli-device/internal/listener/websocket.go:103.2,104.53 2 5
github.com/sigilauth/cli-device/internal/listener/websocket.go:104.53,106.3 1 0
github.com/sigilauth/cli-device/internal/listener/websocket.go:108.2,108.42 1 5
github.com/sigilauth/cli-device/internal/listener/websocket.go:108.42,110.3 1 1
github.com/sigilauth/cli-device/internal/listener/websocket.go:112.2,112.12 1 4
github.com/sigilauth/cli-device/internal/listener/websocket.go:116.51,117.6 1 4
github.com/sigilauth/cli-device/internal/listener/websocket.go:117.6,118.10 1 5
github.com/sigilauth/cli-device/internal/listener/websocket.go:119.21,120.10 1 1
github.com/sigilauth/cli-device/internal/listener/websocket.go:121.11,121.11 0 4
github.com/sigilauth/cli-device/internal/listener/websocket.go:124.3,125.47 2 4
github.com/sigilauth/cli-device/internal/listener/websocket.go:125.47,131.4 4 3
github.com/sigilauth/cli-device/internal/listener/websocket.go:134.3,134.46 1 1
github.com/sigilauth/cli-device/internal/listener/websocket.go:134.46,135.19 1 1
github.com/sigilauth/cli-device/internal/listener/websocket.go:136.58,137.34 1 1
github.com/sigilauth/cli-device/internal/listener/websocket.go:137.34,146.6 2 1
github.com/sigilauth/cli-device/internal/listener/websocket.go:153.56,155.2 1 1
github.com/sigilauth/cli-device/internal/listener/websocket.go:158.37,162.2 3 3
github.com/sigilauth/cli-device/internal/listener/websocket.go:165.32,169.19 3 7
github.com/sigilauth/cli-device/internal/listener/websocket.go:169.19,172.3 2 7
github.com/sigilauth/cli-device/internal/listener/websocket.go:173.2,173.12 1 0
github.com/sigilauth/cli-device/internal/listener/websocket.go:176.61,177.34 1 6
github.com/sigilauth/cli-device/internal/listener/websocket.go:177.34,179.3 1 4
github.com/sigilauth/cli-device/internal/listener/websocket.go:180.2,180.11 1 2
github.com/sigilauth/cli-device/internal/listener/websocket.go:184.65,186.26 2 2
github.com/sigilauth/cli-device/internal/listener/websocket.go:186.26,188.3 1 1
github.com/sigilauth/cli-device/internal/listener/websocket.go:189.2,189.10 1 1
github.com/sigilauth/cli-device/internal/crypto/bip.go:21.41,23.46 2 1
github.com/sigilauth/cli-device/internal/crypto/bip.go:23.46,25.3 1 0
github.com/sigilauth/cli-device/internal/crypto/bip.go:27.2,28.16 2 1
github.com/sigilauth/cli-device/internal/crypto/bip.go:28.16,30.3 1 0
github.com/sigilauth/cli-device/internal/crypto/bip.go:32.2,32.22 1 1
github.com/sigilauth/cli-device/internal/crypto/bip.go:38.56,39.24 1 6
github.com/sigilauth/cli-device/internal/crypto/bip.go:39.24,41.3 1 2
github.com/sigilauth/cli-device/internal/crypto/bip.go:43.2,44.16 2 4
github.com/sigilauth/cli-device/internal/crypto/bip.go:44.16,46.3 1 0
github.com/sigilauth/cli-device/internal/crypto/bip.go:48.2,48.22 1 4
github.com/sigilauth/cli-device/internal/crypto/bip.go:54.57,56.16 2 7
github.com/sigilauth/cli-device/internal/crypto/bip.go:56.16,58.3 1 3
github.com/sigilauth/cli-device/internal/crypto/bip.go:60.2,60.24 1 4
github.com/sigilauth/cli-device/internal/crypto/bip.go:60.24,62.3 1 0
github.com/sigilauth/cli-device/internal/crypto/bip.go:64.2,64.21 1 4
github.com/sigilauth/cli-device/internal/crypto/bip.go:75.47,80.2 4 1
github.com/sigilauth/cli-device/internal/crypto/bip.go:88.70,89.38 1 6
github.com/sigilauth/cli-device/internal/crypto/bip.go:89.38,91.3 1 4
github.com/sigilauth/cli-device/internal/crypto/bip.go:93.2,96.16 3 2
github.com/sigilauth/cli-device/internal/crypto/bip.go:96.16,98.3 1 0
github.com/sigilauth/cli-device/internal/crypto/bip.go:100.2,109.29 3 2
github.com/sigilauth/cli-device/internal/crypto/bip.go:109.29,111.17 2 10
github.com/sigilauth/cli-device/internal/crypto/bip.go:111.17,113.4 1 0
github.com/sigilauth/cli-device/internal/crypto/bip.go:116.2,117.32 2 2
github.com/sigilauth/cli-device/internal/crypto/bip.go:117.32,119.3 1 0
github.com/sigilauth/cli-device/internal/crypto/bip.go:121.2,130.24 6 2
github.com/sigilauth/cli-device/internal/crypto/ecdsa.go:37.73,41.16 3 15
github.com/sigilauth/cli-device/internal/crypto/ecdsa.go:41.16,43.3 1 0
github.com/sigilauth/cli-device/internal/crypto/ecdsa.go:45.2,48.26 3 15
github.com/sigilauth/cli-device/internal/crypto/ecdsa.go:48.26,50.3 1 7
github.com/sigilauth/cli-device/internal/crypto/ecdsa.go:52.2,56.23 4 15
github.com/sigilauth/cli-device/internal/crypto/ecdsa.go:63.74,64.26 1 21
github.com/sigilauth/cli-device/internal/crypto/ecdsa.go:64.26,66.3 1 3
github.com/sigilauth/cli-device/internal/crypto/ecdsa.go:68.2,77.26 6 18
github.com/sigilauth/cli-device/internal/crypto/ecdsa.go:77.26,79.3 1 0
github.com/sigilauth/cli-device/internal/crypto/ecdsa.go:81.2,81.45 1 18
github.com/sigilauth/cli-device/internal/crypto/ecdsa.go:81.45,83.3 1 5
github.com/sigilauth/cli-device/internal/crypto/ecdsa.go:85.2,85.12 1 13
github.com/sigilauth/cli-device/internal/crypto/ecdsa.go:90.47,92.2 1 34
github.com/sigilauth/cli-device/internal/crypto/ecdsa.go:95.42,96.26 1 1
github.com/sigilauth/cli-device/internal/crypto/ecdsa.go:96.26,98.3 1 0
github.com/sigilauth/cli-device/internal/crypto/ecdsa.go:99.2,99.48 1 1
github.com/sigilauth/cli-device/internal/crypto/ecdsa.go:105.59,110.29 3 15
github.com/sigilauth/cli-device/internal/crypto/ecdsa.go:110.29,112.3 1 9
github.com/sigilauth/cli-device/internal/crypto/ecdsa.go:112.8,114.3 1 6
github.com/sigilauth/cli-device/internal/crypto/ecdsa.go:116.2,116.19 1 15
github.com/sigilauth/cli-device/internal/crypto/ecdsa.go:122.71,123.27 1 13
github.com/sigilauth/cli-device/internal/crypto/ecdsa.go:123.27,125.3 1 2
github.com/sigilauth/cli-device/internal/crypto/ecdsa.go:127.2,128.38 2 11
github.com/sigilauth/cli-device/internal/crypto/ecdsa.go:128.38,130.3 1 2
github.com/sigilauth/cli-device/internal/crypto/ecdsa.go:132.2,139.14 6 9
github.com/sigilauth/cli-device/internal/crypto/ecdsa.go:139.14,141.3 1 0
github.com/sigilauth/cli-device/internal/crypto/ecdsa.go:143.2,143.76 1 9
github.com/sigilauth/cli-device/internal/crypto/ecdsa.go:143.76,145.3 1 5
github.com/sigilauth/cli-device/internal/crypto/ecdsa.go:147.2,153.28 2 9
github.com/sigilauth/cli-device/internal/crypto/ecdsa.go:153.28,155.3 1 0
github.com/sigilauth/cli-device/internal/crypto/ecdsa.go:157.2,157.23 1 9
github.com/sigilauth/cli-device/internal/crypto/ecdsa.go:161.72,173.2 8 9
github.com/sigilauth/cli-device/internal/crypto/ecdsa.go:179.66,183.2 3 3
github.com/sigilauth/cli-device/internal/crypto/ecdsa.go:186.48,188.2 1 1
github.com/sigilauth/cli-device/internal/crypto/ecdsa.go:192.74,195.26 2 3
github.com/sigilauth/cli-device/internal/crypto/ecdsa.go:195.26,198.3 1 2
github.com/sigilauth/cli-device/internal/crypto/ecdsa.go:198.8,201.17 2 1
github.com/sigilauth/cli-device/internal/crypto/ecdsa.go:201.17,203.4 1 0
github.com/sigilauth/cli-device/internal/crypto/ecdsa.go:204.3,205.17 2 1
github.com/sigilauth/cli-device/internal/crypto/ecdsa.go:205.17,207.4 1 0
github.com/sigilauth/cli-device/internal/crypto/ecdsa.go:210.2,211.21 2 3
github.com/sigilauth/cli-device/internal/crypto/ecdsa.go:218.98,222.2 2 3
github.com/sigilauth/cli-device/internal/crypto/ecies.go:26.91,28.16 2 10
github.com/sigilauth/cli-device/internal/crypto/ecies.go:28.16,30.3 1 0
github.com/sigilauth/cli-device/internal/crypto/ecies.go:32.2,41.16 4 10
github.com/sigilauth/cli-device/internal/crypto/ecies.go:41.16,43.3 1 0
github.com/sigilauth/cli-device/internal/crypto/ecies.go:45.2,46.16 2 10
github.com/sigilauth/cli-device/internal/crypto/ecies.go:46.16,48.3 1 0
github.com/sigilauth/cli-device/internal/crypto/ecies.go:50.2,51.16 2 10
github.com/sigilauth/cli-device/internal/crypto/ecies.go:51.16,53.3 1 0
github.com/sigilauth/cli-device/internal/crypto/ecies.go:55.2,56.44 2 10
github.com/sigilauth/cli-device/internal/crypto/ecies.go:56.44,58.3 1 0
github.com/sigilauth/cli-device/internal/crypto/ecies.go:60.2,69.20 7 10
github.com/sigilauth/cli-device/internal/crypto/ecies.go:84.94,86.33 2 11
github.com/sigilauth/cli-device/internal/crypto/ecies.go:86.33,88.3 1 2
github.com/sigilauth/cli-device/internal/crypto/ecies.go:90.2,95.16 5 9
github.com/sigilauth/cli-device/internal/crypto/ecies.go:95.16,97.3 1 1
github.com/sigilauth/cli-device/internal/crypto/ecies.go:99.2,108.16 4 8
github.com/sigilauth/cli-device/internal/crypto/ecies.go:108.16,110.3 1 0
github.com/sigilauth/cli-device/internal/crypto/ecies.go:112.2,113.16 2 8
github.com/sigilauth/cli-device/internal/crypto/ecies.go:113.16,115.3 1 0
github.com/sigilauth/cli-device/internal/crypto/ecies.go:117.2,118.16 2 8
github.com/sigilauth/cli-device/internal/crypto/ecies.go:118.16,120.3 1 0
github.com/sigilauth/cli-device/internal/crypto/ecies.go:122.2,123.16 2 8
github.com/sigilauth/cli-device/internal/crypto/ecies.go:123.16,125.3 1 3
github.com/sigilauth/cli-device/internal/crypto/ecies.go:127.2,127.23 1 5
github.com/sigilauth/cli-device/internal/crypto/hkdf.go:23.75,24.33 1 39
github.com/sigilauth/cli-device/internal/crypto/hkdf.go:24.33,26.3 1 2
github.com/sigilauth/cli-device/internal/crypto/hkdf.go:28.2,28.17 1 37
github.com/sigilauth/cli-device/internal/crypto/hkdf.go:28.17,30.3 1 2
github.com/sigilauth/cli-device/internal/crypto/hkdf.go:32.2,33.24 2 35
github.com/sigilauth/cli-device/internal/crypto/hkdf.go:33.24,35.3 1 1
github.com/sigilauth/cli-device/internal/crypto/hkdf.go:37.2,40.56 3 34
github.com/sigilauth/cli-device/internal/crypto/hkdf.go:40.56,42.3 1 0
github.com/sigilauth/cli-device/internal/crypto/hkdf.go:44.2,44.17 1 34
github.com/sigilauth/cli-device/internal/state/fingerprint.go:5.38,7.2 1 5
github.com/sigilauth/cli-device/internal/state/state.go:33.43,39.2 1 16
github.com/sigilauth/cli-device/internal/state/state.go:42.32,45.2 2 1
github.com/sigilauth/cli-device/internal/state/state.go:48.33,51.2 2 2
github.com/sigilauth/cli-device/internal/state/state.go:54.42,56.16 2 5
github.com/sigilauth/cli-device/internal/state/state.go:56.16,58.3 1 2
github.com/sigilauth/cli-device/internal/state/state.go:60.2,61.53 2 3
github.com/sigilauth/cli-device/internal/state/state.go:61.53,63.3 1 2
github.com/sigilauth/cli-device/internal/state/state.go:65.2,65.20 1 1
github.com/sigilauth/cli-device/internal/state/state.go:69.44,70.54 1 5
github.com/sigilauth/cli-device/internal/state/state.go:70.54,72.3 1 1
github.com/sigilauth/cli-device/internal/state/state.go:74.2,75.16 2 4
github.com/sigilauth/cli-device/internal/state/state.go:75.16,77.3 1 0
github.com/sigilauth/cli-device/internal/state/state.go:79.2,79.62 1 4
github.com/sigilauth/cli-device/internal/state/state.go:79.62,81.3 1 0
github.com/sigilauth/cli-device/internal/state/state.go:83.2,83.12 1 4
github.com/sigilauth/cli-device/internal/state/state.go:87.55,88.54 1 5
github.com/sigilauth/cli-device/internal/state/state.go:88.54,90.3 1 1
github.com/sigilauth/cli-device/internal/state/state.go:92.2,92.77 1 4
github.com/sigilauth/cli-device/internal/state/state.go:92.77,94.3 1 0
github.com/sigilauth/cli-device/internal/state/state.go:96.2,96.12 1 4
github.com/sigilauth/cli-device/internal/state/state.go:100.50,102.16 2 2
github.com/sigilauth/cli-device/internal/state/state.go:102.16,104.3 1 1
github.com/sigilauth/cli-device/internal/state/state.go:106.2,106.26 1 1
github.com/sigilauth/cli-device/internal/state/state.go:110.63,114.26 3 5
github.com/sigilauth/cli-device/internal/state/state.go:114.26,116.3 1 0
github.com/sigilauth/cli-device/internal/state/state.go:116.8,118.3 1 5
github.com/sigilauth/cli-device/internal/state/state.go:121.2,122.36 2 5
github.com/sigilauth/cli-device/cmd/sigil-device/cmd_decrypt.go:25.45,31.33 4 3
github.com/sigilauth/cli-device/cmd/sigil-device/cmd_decrypt.go:31.33,32.18 1 2
github.com/sigilauth/cli-device/cmd/sigil-device/cmd_decrypt.go:33.31,34.24 1 1
github.com/sigilauth/cli-device/cmd/sigil-device/cmd_decrypt.go:34.24,36.5 1 0
github.com/sigilauth/cli-device/cmd/sigil-device/cmd_decrypt.go:37.4,38.7 2 1
github.com/sigilauth/cli-device/cmd/sigil-device/cmd_decrypt.go:39.25,40.24 1 1
github.com/sigilauth/cli-device/cmd/sigil-device/cmd_decrypt.go:40.24,42.5 1 0
github.com/sigilauth/cli-device/cmd/sigil-device/cmd_decrypt.go:43.4,44.7 2 1
github.com/sigilauth/cli-device/cmd/sigil-device/cmd_decrypt.go:48.2,49.16 2 3
github.com/sigilauth/cli-device/cmd/sigil-device/cmd_decrypt.go:49.16,51.3 1 3
github.com/sigilauth/cli-device/cmd/sigil-device/cmd_decrypt.go:53.2,53.61 1 0
github.com/sigilauth/cli-device/cmd/sigil-device/cmd_decrypt.go:56.136,57.19 1 3
github.com/sigilauth/cli-device/cmd/sigil-device/cmd_decrypt.go:57.19,59.3 1 0
github.com/sigilauth/cli-device/cmd/sigil-device/cmd_decrypt.go:61.2,62.16 2 3
github.com/sigilauth/cli-device/cmd/sigil-device/cmd_decrypt.go:62.16,64.3 1 0
github.com/sigilauth/cli-device/cmd/sigil-device/cmd_decrypt.go:66.2,66.30 1 3
github.com/sigilauth/cli-device/cmd/sigil-device/cmd_decrypt.go:66.30,68.3 1 1
github.com/sigilauth/cli-device/cmd/sigil-device/cmd_decrypt.go:70.2,70.21 1 2
github.com/sigilauth/cli-device/cmd/sigil-device/cmd_decrypt.go:70.21,72.3 1 0
github.com/sigilauth/cli-device/cmd/sigil-device/cmd_decrypt.go:75.2,76.23 2 2
github.com/sigilauth/cli-device/cmd/sigil-device/cmd_decrypt.go:76.23,78.17 2 2
github.com/sigilauth/cli-device/cmd/sigil-device/cmd_decrypt.go:78.17,80.4 1 0
github.com/sigilauth/cli-device/cmd/sigil-device/cmd_decrypt.go:81.8,81.32 1 0
github.com/sigilauth/cli-device/cmd/sigil-device/cmd_decrypt.go:81.32,83.17 2 0
github.com/sigilauth/cli-device/cmd/sigil-device/cmd_decrypt.go:83.17,85.4 1 0
github.com/sigilauth/cli-device/cmd/sigil-device/cmd_decrypt.go:86.8,88.17 2 0
github.com/sigilauth/cli-device/cmd/sigil-device/cmd_decrypt.go:88.17,90.4 1 0
github.com/sigilauth/cli-device/cmd/sigil-device/cmd_decrypt.go:94.2,95.65 2 2
github.com/sigilauth/cli-device/cmd/sigil-device/cmd_decrypt.go:95.65,97.3 1 0
github.com/sigilauth/cli-device/cmd/sigil-device/cmd_decrypt.go:99.2,99.99 1 2
github.com/sigilauth/cli-device/cmd/sigil-device/cmd_decrypt.go:99.99,101.3 1 0
github.com/sigilauth/cli-device/cmd/sigil-device/cmd_decrypt.go:104.2,105.16 2 2
github.com/sigilauth/cli-device/cmd/sigil-device/cmd_decrypt.go:105.16,107.3 1 0
github.com/sigilauth/cli-device/cmd/sigil-device/cmd_decrypt.go:110.2,111.16 2 2
github.com/sigilauth/cli-device/cmd/sigil-device/cmd_decrypt.go:111.16,113.3 1 0
github.com/sigilauth/cli-device/cmd/sigil-device/cmd_decrypt.go:116.2,118.16 3 2
github.com/sigilauth/cli-device/cmd/sigil-device/cmd_decrypt.go:118.16,120.3 1 0
github.com/sigilauth/cli-device/cmd/sigil-device/cmd_decrypt.go:122.2,123.16 2 2
github.com/sigilauth/cli-device/cmd/sigil-device/cmd_decrypt.go:123.16,125.3 1 0
github.com/sigilauth/cli-device/cmd/sigil-device/cmd_decrypt.go:127.2,127.78 1 2
github.com/sigilauth/cli-device/cmd/sigil-device/cmd_decrypt.go:127.78,129.3 1 1
github.com/sigilauth/cli-device/cmd/sigil-device/cmd_decrypt.go:131.2,136.16 4 1
github.com/sigilauth/cli-device/cmd/sigil-device/cmd_decrypt.go:136.16,138.3 1 0
github.com/sigilauth/cli-device/cmd/sigil-device/cmd_decrypt.go:140.2,150.16 5 1
github.com/sigilauth/cli-device/cmd/sigil-device/cmd_decrypt.go:150.16,152.3 1 0
github.com/sigilauth/cli-device/cmd/sigil-device/cmd_decrypt.go:154.2,155.16 2 1
github.com/sigilauth/cli-device/cmd/sigil-device/cmd_decrypt.go:155.16,157.3 1 0
github.com/sigilauth/cli-device/cmd/sigil-device/cmd_decrypt.go:158.2,160.28 2 1
github.com/sigilauth/cli-device/cmd/sigil-device/cmd_decrypt.go:160.28,163.3 2 0
github.com/sigilauth/cli-device/cmd/sigil-device/cmd_decrypt.go:165.2,166.69 2 1
github.com/sigilauth/cli-device/cmd/sigil-device/cmd_decrypt.go:166.69,168.3 1 0
github.com/sigilauth/cli-device/cmd/sigil-device/cmd_decrypt.go:170.2,173.12 3 1
github.com/sigilauth/cli-device/cmd/sigil-device/cmd_init.go:14.52,16.28 1 31
github.com/sigilauth/cli-device/cmd/sigil-device/cmd_init.go:16.28,18.3 1 2
github.com/sigilauth/cli-device/cmd/sigil-device/cmd_init.go:21.2,22.16 2 29
github.com/sigilauth/cli-device/cmd/sigil-device/cmd_init.go:22.16,24.3 1 0
github.com/sigilauth/cli-device/cmd/sigil-device/cmd_init.go:27.2,28.16 2 29
github.com/sigilauth/cli-device/cmd/sigil-device/cmd_init.go:28.16,30.3 1 0
github.com/sigilauth/cli-device/cmd/sigil-device/cmd_init.go:33.2,52.37 6 29
github.com/sigilauth/cli-device/cmd/sigil-device/cmd_init.go:52.37,54.3 1 0
github.com/sigilauth/cli-device/cmd/sigil-device/cmd_init.go:57.2,57.51 1 29
github.com/sigilauth/cli-device/cmd/sigil-device/cmd_init.go:57.51,59.3 1 0
github.com/sigilauth/cli-device/cmd/sigil-device/cmd_init.go:61.2,61.12 1 29
github.com/sigilauth/cli-device/cmd/sigil-device/cmd_init.go:64.35,66.27 2 9
github.com/sigilauth/cli-device/cmd/sigil-device/cmd_init.go:66.27,67.38 1 2
github.com/sigilauth/cli-device/cmd/sigil-device/cmd_init.go:67.38,69.4 1 2
github.com/sigilauth/cli-device/cmd/sigil-device/cmd_init.go:72.2,73.28 2 9
github.com/sigilauth/cli-device/cmd/sigil-device/cmd_init.go:77.68,79.16 2 13
github.com/sigilauth/cli-device/cmd/sigil-device/cmd_init.go:79.16,81.3 1 10
github.com/sigilauth/cli-device/cmd/sigil-device/cmd_init.go:83.2,84.16 2 3
github.com/sigilauth/cli-device/cmd/sigil-device/cmd_init.go:84.16,86.3 1 0
github.com/sigilauth/cli-device/cmd/sigil-device/cmd_init.go:88.2,88.21 1 3
github.com/sigilauth/cli-device/cmd/sigil-device/cmd_listen.go:14.77,16.19 1 5
github.com/sigilauth/cli-device/cmd/sigil-device/cmd_listen.go:16.19,18.3 1 3
github.com/sigilauth/cli-device/cmd/sigil-device/cmd_listen.go:20.2,21.16 2 2
github.com/sigilauth/cli-device/cmd/sigil-device/cmd_listen.go:21.16,23.3 1 0
github.com/sigilauth/cli-device/cmd/sigil-device/cmd_listen.go:25.2,25.41 1 2
github.com/sigilauth/cli-device/cmd/sigil-device/cmd_listen.go:25.41,27.3 1 0
github.com/sigilauth/cli-device/cmd/sigil-device/cmd_listen.go:30.2,30.20 1 2
github.com/sigilauth/cli-device/cmd/sigil-device/cmd_listen.go:30.20,32.3 1 0
github.com/sigilauth/cli-device/cmd/sigil-device/cmd_listen.go:35.2,39.16 3 2
github.com/sigilauth/cli-device/cmd/sigil-device/cmd_listen.go:39.16,41.3 1 0
github.com/sigilauth/cli-device/cmd/sigil-device/cmd_listen.go:44.2,47.62 2 2
github.com/sigilauth/cli-device/cmd/sigil-device/cmd_listen.go:47.62,50.19 2 0
github.com/sigilauth/cli-device/cmd/sigil-device/cmd_listen.go:50.19,54.42 4 0
github.com/sigilauth/cli-device/cmd/sigil-device/cmd_listen.go:54.42,57.5 2 0
github.com/sigilauth/cli-device/cmd/sigil-device/cmd_listen.go:60.3,62.13 2 0
github.com/sigilauth/cli-device/cmd/sigil-device/cmd_listen.go:66.2,72.12 5 2
github.com/sigilauth/cli-device/cmd/sigil-device/cmd_listen.go:72.12,76.3 3 2
github.com/sigilauth/cli-device/cmd/sigil-device/cmd_listen.go:79.2,80.44 2 2
github.com/sigilauth/cli-device/cmd/sigil-device/cmd_listen.go:80.44,82.3 1 2
github.com/sigilauth/cli-device/cmd/sigil-device/cmd_listen.go:84.2,94.12 7 0
github.com/sigilauth/cli-device/cmd/sigil-device/cmd_listen.go:97.37,102.33 3 2
github.com/sigilauth/cli-device/cmd/sigil-device/cmd_listen.go:102.33,103.18 1 1
github.com/sigilauth/cli-device/cmd/sigil-device/cmd_listen.go:104.24,105.24 1 1
github.com/sigilauth/cli-device/cmd/sigil-device/cmd_listen.go:105.24,107.5 1 0
github.com/sigilauth/cli-device/cmd/sigil-device/cmd_listen.go:108.4,109.7 2 1
github.com/sigilauth/cli-device/cmd/sigil-device/cmd_listen.go:110.31,111.22 1 0
github.com/sigilauth/cli-device/cmd/sigil-device/cmd_listen.go:115.2,116.46 2 2
github.com/sigilauth/cli-device/cmd/sigil-device/cmd_mpa_respond.go:31.48,38.33 5 3
github.com/sigilauth/cli-device/cmd/sigil-device/cmd_mpa_respond.go:38.33,39.18 1 2
github.com/sigilauth/cli-device/cmd/sigil-device/cmd_mpa_respond.go:40.27,41.24 1 1
github.com/sigilauth/cli-device/cmd/sigil-device/cmd_mpa_respond.go:41.24,43.5 1 0
github.com/sigilauth/cli-device/cmd/sigil-device/cmd_mpa_respond.go:44.4,45.7 2 1
github.com/sigilauth/cli-device/cmd/sigil-device/cmd_mpa_respond.go:46.25,47.24 1 0
github.com/sigilauth/cli-device/cmd/sigil-device/cmd_mpa_respond.go:47.24,49.5 1 0
github.com/sigilauth/cli-device/cmd/sigil-device/cmd_mpa_respond.go:50.4,51.7 2 0
github.com/sigilauth/cli-device/cmd/sigil-device/cmd_mpa_respond.go:52.31,53.22 1 1
github.com/sigilauth/cli-device/cmd/sigil-device/cmd_mpa_respond.go:57.2,58.16 2 3
github.com/sigilauth/cli-device/cmd/sigil-device/cmd_mpa_respond.go:58.16,60.3 1 3
github.com/sigilauth/cli-device/cmd/sigil-device/cmd_mpa_respond.go:62.2,62.73 1 0
github.com/sigilauth/cli-device/cmd/sigil-device/cmd_mpa_respond.go:65.153,66.19 1 3
github.com/sigilauth/cli-device/cmd/sigil-device/cmd_mpa_respond.go:66.19,68.3 1 0
github.com/sigilauth/cli-device/cmd/sigil-device/cmd_mpa_respond.go:70.2,71.16 2 3
github.com/sigilauth/cli-device/cmd/sigil-device/cmd_mpa_respond.go:71.16,73.3 1 0
github.com/sigilauth/cli-device/cmd/sigil-device/cmd_mpa_respond.go:75.2,75.30 1 3
github.com/sigilauth/cli-device/cmd/sigil-device/cmd_mpa_respond.go:75.30,77.3 1 1
github.com/sigilauth/cli-device/cmd/sigil-device/cmd_mpa_respond.go:79.2,79.21 1 2
github.com/sigilauth/cli-device/cmd/sigil-device/cmd_mpa_respond.go:79.21,81.3 1 0
github.com/sigilauth/cli-device/cmd/sigil-device/cmd_mpa_respond.go:84.2,85.19 2 2
github.com/sigilauth/cli-device/cmd/sigil-device/cmd_mpa_respond.go:85.19,87.17 2 2
github.com/sigilauth/cli-device/cmd/sigil-device/cmd_mpa_respond.go:87.17,89.4 1 0
github.com/sigilauth/cli-device/cmd/sigil-device/cmd_mpa_respond.go:90.8,90.32 1 0
github.com/sigilauth/cli-device/cmd/sigil-device/cmd_mpa_respond.go:90.32,92.17 2 0
github.com/sigilauth/cli-device/cmd/sigil-device/cmd_mpa_respond.go:92.17,94.4 1 0
github.com/sigilauth/cli-device/cmd/sigil-device/cmd_mpa_respond.go:95.8,97.17 2 0
github.com/sigilauth/cli-device/cmd/sigil-device/cmd_mpa_respond.go:97.17,99.4 1 0
github.com/sigilauth/cli-device/cmd/sigil-device/cmd_mpa_respond.go:103.2,104.57 2 2
github.com/sigilauth/cli-device/cmd/sigil-device/cmd_mpa_respond.go:104.57,106.3 1 0
github.com/sigilauth/cli-device/cmd/sigil-device/cmd_mpa_respond.go:108.2,108.90 1 2
github.com/sigilauth/cli-device/cmd/sigil-device/cmd_mpa_respond.go:108.90,110.3 1 0
github.com/sigilauth/cli-device/cmd/sigil-device/cmd_mpa_respond.go:113.2,114.16 2 2
github.com/sigilauth/cli-device/cmd/sigil-device/cmd_mpa_respond.go:114.16,116.3 1 0
github.com/sigilauth/cli-device/cmd/sigil-device/cmd_mpa_respond.go:119.2,120.16 2 2
github.com/sigilauth/cli-device/cmd/sigil-device/cmd_mpa_respond.go:120.16,122.3 1 0
github.com/sigilauth/cli-device/cmd/sigil-device/cmd_mpa_respond.go:125.2,127.16 3 2
github.com/sigilauth/cli-device/cmd/sigil-device/cmd_mpa_respond.go:127.16,129.3 1 0
github.com/sigilauth/cli-device/cmd/sigil-device/cmd_mpa_respond.go:131.2,132.16 2 2
github.com/sigilauth/cli-device/cmd/sigil-device/cmd_mpa_respond.go:132.16,134.3 1 0
github.com/sigilauth/cli-device/cmd/sigil-device/cmd_mpa_respond.go:136.2,136.78 1 2
github.com/sigilauth/cli-device/cmd/sigil-device/cmd_mpa_respond.go:136.78,138.3 1 1
github.com/sigilauth/cli-device/cmd/sigil-device/cmd_mpa_respond.go:140.2,145.16 4 1
github.com/sigilauth/cli-device/cmd/sigil-device/cmd_mpa_respond.go:145.16,147.3 1 0
github.com/sigilauth/cli-device/cmd/sigil-device/cmd_mpa_respond.go:150.2,151.70 2 1
github.com/sigilauth/cli-device/cmd/sigil-device/cmd_mpa_respond.go:151.70,153.3 1 0
github.com/sigilauth/cli-device/cmd/sigil-device/cmd_mpa_respond.go:156.2,160.31 5 1
github.com/sigilauth/cli-device/cmd/sigil-device/cmd_mpa_respond.go:160.31,162.38 2 1
github.com/sigilauth/cli-device/cmd/sigil-device/cmd_mpa_respond.go:162.38,164.4 1 2
github.com/sigilauth/cli-device/cmd/sigil-device/cmd_mpa_respond.go:166.2,169.18 2 1
github.com/sigilauth/cli-device/cmd/sigil-device/cmd_mpa_respond.go:169.18,173.41 4 0
github.com/sigilauth/cli-device/cmd/sigil-device/cmd_mpa_respond.go:173.41,176.4 2 0
github.com/sigilauth/cli-device/cmd/sigil-device/cmd_mpa_respond.go:180.2,181.16 2 1
github.com/sigilauth/cli-device/cmd/sigil-device/cmd_mpa_respond.go:181.16,183.3 1 0
github.com/sigilauth/cli-device/cmd/sigil-device/cmd_mpa_respond.go:186.2,194.16 4 1
github.com/sigilauth/cli-device/cmd/sigil-device/cmd_mpa_respond.go:194.16,196.3 1 0
github.com/sigilauth/cli-device/cmd/sigil-device/cmd_mpa_respond.go:198.2,199.16 2 1
github.com/sigilauth/cli-device/cmd/sigil-device/cmd_mpa_respond.go:199.16,201.3 1 0
github.com/sigilauth/cli-device/cmd/sigil-device/cmd_mpa_respond.go:202.2,204.28 2 1
github.com/sigilauth/cli-device/cmd/sigil-device/cmd_mpa_respond.go:204.28,207.3 2 0
github.com/sigilauth/cli-device/cmd/sigil-device/cmd_mpa_respond.go:209.2,210.69 2 1
github.com/sigilauth/cli-device/cmd/sigil-device/cmd_mpa_respond.go:210.69,212.3 1 0
github.com/sigilauth/cli-device/cmd/sigil-device/cmd_mpa_respond.go:214.2,217.12 3 1
github.com/sigilauth/cli-device/cmd/sigil-device/cmd_pair.go:26.58,28.19 1 8
github.com/sigilauth/cli-device/cmd/sigil-device/cmd_pair.go:28.19,30.3 1 1
github.com/sigilauth/cli-device/cmd/sigil-device/cmd_pair.go:33.2,33.53 1 7
github.com/sigilauth/cli-device/cmd/sigil-device/cmd_pair.go:33.53,35.3 1 0
github.com/sigilauth/cli-device/cmd/sigil-device/cmd_pair.go:38.2,39.16 2 7
github.com/sigilauth/cli-device/cmd/sigil-device/cmd_pair.go:39.16,41.3 1 0
github.com/sigilauth/cli-device/cmd/sigil-device/cmd_pair.go:44.2,50.16 4 7
github.com/sigilauth/cli-device/cmd/sigil-device/cmd_pair.go:50.16,52.3 1 1
github.com/sigilauth/cli-device/cmd/sigil-device/cmd_pair.go:53.2,55.38 2 6
github.com/sigilauth/cli-device/cmd/sigil-device/cmd_pair.go:55.38,58.3 2 0
github.com/sigilauth/cli-device/cmd/sigil-device/cmd_pair.go:60.2,61.71 2 6
github.com/sigilauth/cli-device/cmd/sigil-device/cmd_pair.go:61.71,63.3 1 1
github.com/sigilauth/cli-device/cmd/sigil-device/cmd_pair.go:66.2,66.38 1 5
github.com/sigilauth/cli-device/cmd/sigil-device/cmd_pair.go:66.38,68.3 1 1
github.com/sigilauth/cli-device/cmd/sigil-device/cmd_pair.go:71.2,72.16 2 4
github.com/sigilauth/cli-device/cmd/sigil-device/cmd_pair.go:72.16,74.3 1 1
github.com/sigilauth/cli-device/cmd/sigil-device/cmd_pair.go:76.2,77.16 2 3
github.com/sigilauth/cli-device/cmd/sigil-device/cmd_pair.go:77.16,79.3 1 0
github.com/sigilauth/cli-device/cmd/sigil-device/cmd_pair.go:82.2,85.48 2 3
github.com/sigilauth/cli-device/cmd/sigil-device/cmd_pair.go:85.48,87.3 1 0
github.com/sigilauth/cli-device/cmd/sigil-device/cmd_pair.go:90.2,91.107 2 3
github.com/sigilauth/cli-device/cmd/sigil-device/cmd_pair.go:91.107,93.3 1 0
github.com/sigilauth/cli-device/cmd/sigil-device/cmd_pair.go:96.2,99.37 3 3
github.com/sigilauth/cli-device/cmd/sigil-device/cmd_pair.go:99.37,101.3 1 0
github.com/sigilauth/cli-device/cmd/sigil-device/cmd_pair.go:104.2,111.12 5 3
github.com/sigilauth/cli-device/cmd/sigil-device/cmd_pair.go:114.48,115.21 1 11
github.com/sigilauth/cli-device/cmd/sigil-device/cmd_pair.go:115.21,117.3 1 1
github.com/sigilauth/cli-device/cmd/sigil-device/cmd_pair.go:119.2,120.16 2 10
github.com/sigilauth/cli-device/cmd/sigil-device/cmd_pair.go:120.16,122.3 1 0
github.com/sigilauth/cli-device/cmd/sigil-device/cmd_pair.go:124.2,124.47 1 10
github.com/sigilauth/cli-device/cmd/sigil-device/cmd_pair.go:124.47,126.3 1 1
github.com/sigilauth/cli-device/cmd/sigil-device/cmd_pair.go:128.2,128.18 1 9
github.com/sigilauth/cli-device/cmd/sigil-device/cmd_pair.go:128.18,130.3 1 0
github.com/sigilauth/cli-device/cmd/sigil-device/cmd_pair.go:132.2,132.12 1 9
github.com/sigilauth/cli-device/cmd/sigil-device/cmd_pair.go:135.48,136.22 1 3
github.com/sigilauth/cli-device/cmd/sigil-device/cmd_pair.go:136.22,138.3 1 0
github.com/sigilauth/cli-device/cmd/sigil-device/cmd_pair.go:139.2,140.35 2 3
github.com/sigilauth/cli-device/cmd/sigil-device/cmd_pair.go:140.35,142.3 1 12
github.com/sigilauth/cli-device/cmd/sigil-device/cmd_pair.go:143.2,143.15 1 3
github.com/sigilauth/cli-device/cmd/sigil-device/cmd_pair.go:146.35,150.33 2 2
github.com/sigilauth/cli-device/cmd/sigil-device/cmd_pair.go:150.33,151.47 1 1
github.com/sigilauth/cli-device/cmd/sigil-device/cmd_pair.go:151.47,152.24 1 1
github.com/sigilauth/cli-device/cmd/sigil-device/cmd_pair.go:152.24,154.5 1 0
github.com/sigilauth/cli-device/cmd/sigil-device/cmd_pair.go:155.4,156.7 2 1
github.com/sigilauth/cli-device/cmd/sigil-device/cmd_pair.go:160.2,160.21 1 2
github.com/sigilauth/cli-device/cmd/sigil-device/cmd_pair.go:160.21,162.3 1 1
github.com/sigilauth/cli-device/cmd/sigil-device/cmd_pair.go:164.2,165.32 2 1
github.com/sigilauth/cli-device/cmd/sigil-device/cmd_register.go:15.61,17.19 1 7
github.com/sigilauth/cli-device/cmd/sigil-device/cmd_register.go:17.19,19.3 1 1
github.com/sigilauth/cli-device/cmd/sigil-device/cmd_register.go:22.2,22.51 1 6
github.com/sigilauth/cli-device/cmd/sigil-device/cmd_register.go:22.51,24.3 1 0
github.com/sigilauth/cli-device/cmd/sigil-device/cmd_register.go:27.2,28.16 2 6
github.com/sigilauth/cli-device/cmd/sigil-device/cmd_register.go:28.16,30.3 1 0
github.com/sigilauth/cli-device/cmd/sigil-device/cmd_register.go:33.2,39.16 3 6
github.com/sigilauth/cli-device/cmd/sigil-device/cmd_register.go:39.16,41.3 1 0
github.com/sigilauth/cli-device/cmd/sigil-device/cmd_register.go:44.2,50.16 4 6
github.com/sigilauth/cli-device/cmd/sigil-device/cmd_register.go:50.16,52.3 1 1
github.com/sigilauth/cli-device/cmd/sigil-device/cmd_register.go:53.2,55.38 2 5
github.com/sigilauth/cli-device/cmd/sigil-device/cmd_register.go:55.38,58.3 2 1
github.com/sigilauth/cli-device/cmd/sigil-device/cmd_register.go:60.2,61.69 2 4
github.com/sigilauth/cli-device/cmd/sigil-device/cmd_register.go:61.69,63.3 1 1
github.com/sigilauth/cli-device/cmd/sigil-device/cmd_register.go:66.2,68.37 2 3
github.com/sigilauth/cli-device/cmd/sigil-device/cmd_register.go:68.37,70.3 1 0
github.com/sigilauth/cli-device/cmd/sigil-device/cmd_register.go:72.2,76.12 4 3
github.com/sigilauth/cli-device/cmd/sigil-device/cmd_register.go:79.46,80.20 1 10
github.com/sigilauth/cli-device/cmd/sigil-device/cmd_register.go:80.20,82.3 1 1
github.com/sigilauth/cli-device/cmd/sigil-device/cmd_register.go:84.2,85.16 2 9
github.com/sigilauth/cli-device/cmd/sigil-device/cmd_register.go:85.16,87.3 1 0
github.com/sigilauth/cli-device/cmd/sigil-device/cmd_register.go:89.2,89.47 1 9
github.com/sigilauth/cli-device/cmd/sigil-device/cmd_register.go:89.47,91.3 1 1
github.com/sigilauth/cli-device/cmd/sigil-device/cmd_register.go:93.2,93.18 1 8
github.com/sigilauth/cli-device/cmd/sigil-device/cmd_register.go:93.18,95.3 1 0
github.com/sigilauth/cli-device/cmd/sigil-device/cmd_register.go:97.2,97.12 1 8
github.com/sigilauth/cli-device/cmd/sigil-device/cmd_register.go:100.39,104.33 2 2
github.com/sigilauth/cli-device/cmd/sigil-device/cmd_register.go:104.33,105.46 1 1
github.com/sigilauth/cli-device/cmd/sigil-device/cmd_register.go:105.46,106.24 1 1
github.com/sigilauth/cli-device/cmd/sigil-device/cmd_register.go:106.24,108.5 1 0
github.com/sigilauth/cli-device/cmd/sigil-device/cmd_register.go:109.4,110.7 2 1
github.com/sigilauth/cli-device/cmd/sigil-device/cmd_register.go:114.2,114.20 1 2
github.com/sigilauth/cli-device/cmd/sigil-device/cmd_register.go:114.20,116.3 1 1
github.com/sigilauth/cli-device/cmd/sigil-device/cmd_register.go:118.2,119.35 2 1
github.com/sigilauth/cli-device/cmd/sigil-device/cmd_respond.go:26.45,33.33 4 3
github.com/sigilauth/cli-device/cmd/sigil-device/cmd_respond.go:33.33,34.18 1 2
github.com/sigilauth/cli-device/cmd/sigil-device/cmd_respond.go:35.33,36.24 1 1
github.com/sigilauth/cli-device/cmd/sigil-device/cmd_respond.go:36.24,38.5 1 0
github.com/sigilauth/cli-device/cmd/sigil-device/cmd_respond.go:39.4,40.7 2 1
github.com/sigilauth/cli-device/cmd/sigil-device/cmd_respond.go:41.25,42.24 1 1
github.com/sigilauth/cli-device/cmd/sigil-device/cmd_respond.go:42.24,44.5 1 0
github.com/sigilauth/cli-device/cmd/sigil-device/cmd_respond.go:45.4,46.7 2 1
github.com/sigilauth/cli-device/cmd/sigil-device/cmd_respond.go:51.2,52.16 2 3
github.com/sigilauth/cli-device/cmd/sigil-device/cmd_respond.go:52.16,54.3 1 3
github.com/sigilauth/cli-device/cmd/sigil-device/cmd_respond.go:56.2,56.63 1 0
github.com/sigilauth/cli-device/cmd/sigil-device/cmd_respond.go:59.138,60.19 1 15
github.com/sigilauth/cli-device/cmd/sigil-device/cmd_respond.go:60.19,62.3 1 0
github.com/sigilauth/cli-device/cmd/sigil-device/cmd_respond.go:64.2,65.16 2 15
github.com/sigilauth/cli-device/cmd/sigil-device/cmd_respond.go:65.16,67.3 1 0
github.com/sigilauth/cli-device/cmd/sigil-device/cmd_respond.go:69.2,69.30 1 15
github.com/sigilauth/cli-device/cmd/sigil-device/cmd_respond.go:69.30,71.3 1 1
github.com/sigilauth/cli-device/cmd/sigil-device/cmd_respond.go:74.2,74.21 1 14
github.com/sigilauth/cli-device/cmd/sigil-device/cmd_respond.go:74.21,76.3 1 1
github.com/sigilauth/cli-device/cmd/sigil-device/cmd_respond.go:79.2,80.25 2 14
github.com/sigilauth/cli-device/cmd/sigil-device/cmd_respond.go:80.25,82.17 2 13
github.com/sigilauth/cli-device/cmd/sigil-device/cmd_respond.go:82.17,84.4 1 1
github.com/sigilauth/cli-device/cmd/sigil-device/cmd_respond.go:85.8,85.32 1 1
github.com/sigilauth/cli-device/cmd/sigil-device/cmd_respond.go:85.32,88.17 2 1
github.com/sigilauth/cli-device/cmd/sigil-device/cmd_respond.go:88.17,90.4 1 0
github.com/sigilauth/cli-device/cmd/sigil-device/cmd_respond.go:91.8,94.17 2 0
github.com/sigilauth/cli-device/cmd/sigil-device/cmd_respond.go:94.17,96.4 1 0
github.com/sigilauth/cli-device/cmd/sigil-device/cmd_respond.go:100.2,101.66 2 13
github.com/sigilauth/cli-device/cmd/sigil-device/cmd_respond.go:101.66,103.3 1 1
github.com/sigilauth/cli-device/cmd/sigil-device/cmd_respond.go:106.2,106.97 1 12
github.com/sigilauth/cli-device/cmd/sigil-device/cmd_respond.go:106.97,108.3 1 1
github.com/sigilauth/cli-device/cmd/sigil-device/cmd_respond.go:111.2,112.16 2 11
github.com/sigilauth/cli-device/cmd/sigil-device/cmd_respond.go:112.16,114.3 1 1
github.com/sigilauth/cli-device/cmd/sigil-device/cmd_respond.go:117.2,118.16 2 10
github.com/sigilauth/cli-device/cmd/sigil-device/cmd_respond.go:118.16,120.3 1 1
github.com/sigilauth/cli-device/cmd/sigil-device/cmd_respond.go:122.2,122.31 1 9
github.com/sigilauth/cli-device/cmd/sigil-device/cmd_respond.go:122.31,124.3 1 1
github.com/sigilauth/cli-device/cmd/sigil-device/cmd_respond.go:127.2,128.16 2 8
github.com/sigilauth/cli-device/cmd/sigil-device/cmd_respond.go:128.16,130.3 1 1
github.com/sigilauth/cli-device/cmd/sigil-device/cmd_respond.go:132.2,133.16 2 7
github.com/sigilauth/cli-device/cmd/sigil-device/cmd_respond.go:133.16,135.3 1 0
github.com/sigilauth/cli-device/cmd/sigil-device/cmd_respond.go:138.2,139.36 2 7
github.com/sigilauth/cli-device/cmd/sigil-device/cmd_respond.go:139.36,141.3 1 0
github.com/sigilauth/cli-device/cmd/sigil-device/cmd_respond.go:142.2,143.16 2 7
github.com/sigilauth/cli-device/cmd/sigil-device/cmd_respond.go:143.16,145.3 1 0
github.com/sigilauth/cli-device/cmd/sigil-device/cmd_respond.go:148.2,152.83 3 7
github.com/sigilauth/cli-device/cmd/sigil-device/cmd_respond.go:152.83,154.3 1 1
github.com/sigilauth/cli-device/cmd/sigil-device/cmd_respond.go:156.2,160.16 3 6
github.com/sigilauth/cli-device/cmd/sigil-device/cmd_respond.go:160.16,162.3 1 0
github.com/sigilauth/cli-device/cmd/sigil-device/cmd_respond.go:165.2,172.16 4 6
github.com/sigilauth/cli-device/cmd/sigil-device/cmd_respond.go:172.16,174.3 1 0
github.com/sigilauth/cli-device/cmd/sigil-device/cmd_respond.go:176.2,177.16 2 6
github.com/sigilauth/cli-device/cmd/sigil-device/cmd_respond.go:177.16,179.3 1 1
github.com/sigilauth/cli-device/cmd/sigil-device/cmd_respond.go:180.2,182.28 2 5
github.com/sigilauth/cli-device/cmd/sigil-device/cmd_respond.go:182.28,185.3 2 1
github.com/sigilauth/cli-device/cmd/sigil-device/cmd_respond.go:187.2,188.69 2 4
github.com/sigilauth/cli-device/cmd/sigil-device/cmd_respond.go:188.69,190.3 1 1
github.com/sigilauth/cli-device/cmd/sigil-device/cmd_respond.go:192.2,195.12 3 3
github.com/sigilauth/cli-device/cmd/sigil-device/cmd_unpair.go:9.44,12.2 2 1
github.com/sigilauth/cli-device/cmd/sigil-device/cmd_unpair.go:14.42,15.19 1 5
github.com/sigilauth/cli-device/cmd/sigil-device/cmd_unpair.go:15.19,17.3 1 2
github.com/sigilauth/cli-device/cmd/sigil-device/cmd_unpair.go:19.2,20.16 2 3
github.com/sigilauth/cli-device/cmd/sigil-device/cmd_unpair.go:20.16,22.3 1 0
github.com/sigilauth/cli-device/cmd/sigil-device/cmd_unpair.go:24.2,24.24 1 3
github.com/sigilauth/cli-device/cmd/sigil-device/cmd_unpair.go:24.24,26.3 1 1
github.com/sigilauth/cli-device/cmd/sigil-device/cmd_unpair.go:28.2,35.37 5 2
github.com/sigilauth/cli-device/cmd/sigil-device/cmd_unpair.go:35.37,37.3 1 0
github.com/sigilauth/cli-device/cmd/sigil-device/cmd_unpair.go:39.2,42.12 3 2
github.com/sigilauth/cli-device/cmd/sigil-device/cmd_whoami.go:10.44,13.2 2 1
github.com/sigilauth/cli-device/cmd/sigil-device/cmd_whoami.go:15.42,16.19 1 5
github.com/sigilauth/cli-device/cmd/sigil-device/cmd_whoami.go:16.19,18.3 1 2
github.com/sigilauth/cli-device/cmd/sigil-device/cmd_whoami.go:20.2,21.16 2 3
github.com/sigilauth/cli-device/cmd/sigil-device/cmd_whoami.go:21.16,23.3 1 0
github.com/sigilauth/cli-device/cmd/sigil-device/cmd_whoami.go:25.2,30.24 5 3
github.com/sigilauth/cli-device/cmd/sigil-device/cmd_whoami.go:30.24,32.31 2 1
github.com/sigilauth/cli-device/cmd/sigil-device/cmd_whoami.go:32.31,34.4 1 1
github.com/sigilauth/cli-device/cmd/sigil-device/cmd_whoami.go:35.8,37.3 1 2
github.com/sigilauth/cli-device/cmd/sigil-device/cmd_whoami.go:39.2,39.23 1 3
github.com/sigilauth/cli-device/cmd/sigil-device/cmd_whoami.go:39.23,41.3 1 1
github.com/sigilauth/cli-device/cmd/sigil-device/cmd_whoami.go:43.2,43.12 1 3
